  Admin.cpp
D:\Programming learn\Route Computer science course\Final Project\main\Validation.h(9,1): error C2504: 'Person': base class undefined
D:\Programming learn\Route Computer science course\Final Project\main\Validation.h(13,4): error C2065: 'name': undeclared identifier
D:\Programming learn\Route Computer science course\Final Project\main\Validation.h(21,4): error C2065: 'password': undeclared identifier
  Client.cpp
D:\Programming learn\Route Computer science course\Final Project\main\Validation.h(9,1): error C2504: 'Person': base class undefined
D:\Programming learn\Route Computer science course\Final Project\main\Validation.h(13,4): error C2065: 'name': undeclared identifier
D:\Programming learn\Route Computer science course\Final Project\main\Validation.h(21,4): error C2065: 'password': undeclared identifier
  main.cpp
D:\Programming learn\Route Computer science course\Final Project\main\Validation.h(9,1): error C2504: 'Person': base class undefined
D:\Programming learn\Route Computer science course\Final Project\main\Validation.h(13,4): error C2065: 'name': undeclared identifier
D:\Programming learn\Route Computer science course\Final Project\main\Validation.h(21,4): error C2065: 'password': undeclared identifier
  Person.cpp
D:\Programming learn\Route Computer science course\Final Project\main\Validation.h(9,1): error C2504: 'Person': base class undefined
D:\Programming learn\Route Computer science course\Final Project\main\Validation.h(13,4): error C2065: 'name': undeclared identifier
D:\Programming learn\Route Computer science course\Final Project\main\Validation.h(21,4): error C2065: 'password': undeclared identifier
  Validation.cpp
D:\Programming learn\Route Computer science course\Final Project\main\Person.h(9,1): error C2504: 'Validation': base class undefined
D:\Programming learn\Route Computer science course\Final Project\main\Person.h(21,3): error C2653: 'Validation': is not a class or namespace name
D:\Programming learn\Route Computer science course\Final Project\main\Person.h(21,15): error C3861: 'checkCharName': identifier not found
D:\Programming learn\Route Computer science course\Final Project\main\Person.h(26,3): error C2653: 'Validation': is not a class or namespace name
D:\Programming learn\Route Computer science course\Final Project\main\Person.h(26,15): error C3861: 'CheckCharPass': identifier not found
  Generating Code...
